UTF-8

bongo
beat
beats
solo
butt
tour
emperor
business
conquer
misery
poisoned
humanity
violent
invention
victim
imprison
innocent
dictator
liberty
enslave
drill
diet
cattle
unite
decent
security
promise
lie
fulfill
greed
progress
believe
wonderful
shadow
coward
leprechaun
subjunctive
hootenanny
barbershop
quartet
quartets
sing-along
sing-alongs
give that a try
what the hell
despise
barricaded
goose-stepped
bloodshed
machinery
abundance
cynical
cleverness
machinery
gentleness
cries out
universal brotherhood
despairing
do not despair
passing of greed
bitterness
perish
brutes
regiment life
cannon fodder
unnatural
machine men
machine minds
machine hearts
slavery
wonderful
democracy
old age
risen to power
free themselves
national barrier
intolerance
privilege
take on the world
rainbows
hit as hard
