UTF-8

leprechaun
subjunctive
hootenanny
barbershop
quartet
quartets
sing-along
sing-alongs
give that a try
what the hell
despise
barricaded
goose-stepped
bloodshed
machinery
abundance
cynical
cleverness
machinery
gentleness
cries out
universal brotherhood
despairing
do not despair
passing of greed
bitterness
perish
brutes
regiment life
cannon fodder
unnatural
machine men
machine minds
machine hearts
slavery
wonderful
democracy
old age
risen to power
free themselves
national barrier
intolerance
privilege
take on the world
rainbows
hit as hard





  
 

